<?xml version="1.0" encoding="UTF-8"?>
<testng-results skipped="0" failed="0" ignored="0" total="1" passed="1">
  <reporter-output>
  </reporter-output>
  <suite name="Default suite" duration-ms="6266" started-at="2018-05-03T21:27:21Z" finished-at="2018-05-03T21:27:28Z">
    <groups>
    </groups>
    <test name="Default test" duration-ms="6266" started-at="2018-05-03T21:27:21Z" finished-at="2018-05-03T21:27:28Z">
      <class name="com.Test.PageTest">
        <test-method status="PASS" signature="setUp()[pri:0, instance:com.Test.PageTest@4c70fda8]" name="setUp" is-config="true" duration-ms="2979" started-at="2018-05-03T21:27:21Z" finished-at="2018-05-03T21:27:24Z">
          <reporter-output>
          </reporter-output>
        </test-method> <!-- setUp -->
        <test-method status="PASS" signature="TestMethod()[pri:0, instance:com.Test.PageTest@4c70fda8]" name="TestMethod" duration-ms="2427" started-at="2018-05-03T21:27:24Z" finished-at="2018-05-03T21:27:27Z">
          <reporter-output>
          </reporter-output>
        </test-method> <!-- TestMethod -->
        <test-method status="PASS" signature="TearDown()[pri:0, instance:com.Test.PageTest@4c70fda8]" name="TearDown" is-config="true" duration-ms="830" started-at="2018-05-03T21:27:27Z" finished-at="2018-05-03T21:27:28Z">
          <reporter-output>
          </reporter-output>
        </test-method> <!-- TearDown -->
      </class> <!-- com.Test.PageTest -->
    </test> <!-- Default test -->
  </suite> <!-- Default suite -->
</testng-results>
